<?xml version="1.0" encoding="UTF-8"?>
<!-- Generated by org.testng.reporters.JUnitReportReporter -->
<testsuite hostname="AlexandraPC" failures="0" tests="3" name="by.stormnet.web.CommonTests" time="35.932" errors="0" timestamp="2020-01-09T21:07:58 MSK" skipped="0">
  <testcase classname="by.stormnet.web.CommonTests" name="loginTest" time="5.378"/>
  <testcase classname="by.stormnet.web.CommonTests" name="paginationTest" time="15.290"/>
  <testcase classname="by.stormnet.web.CommonTests" name="onlinerTest" time="15.264"/>
</testsuite> <!-- by.stormnet.web.CommonTests -->
