<?xml version="1.0" encoding="UTF-8"?>
<!-- Generated by org.testng.reporters.JUnitReportReporter -->
<testsuite hostname="AlexandraPC" failures="0" tests="1" name="by.stormnet.web.OnlinerTest" time="24.704" errors="0" timestamp="2019-12-19T21:48:19 MSK" skipped="0">
  <testcase classname="by.stormnet.web.OnlinerTest" name="onlinerTest" time="24.704"/>
</testsuite> <!-- by.stormnet.web.OnlinerTest -->
