<?xml version="1.0" encoding="UTF-8"?>
<!-- Generated by org.testng.reporters.JUnitReportReporter -->
<testsuite hostname="AlexandraPC" failures="0" tests="1" name="by.stormnet.web.OnlinerTest" time="27.690" errors="0" timestamp="2020-01-09T20:53:15 MSK" skipped="0">
  <testcase classname="by.stormnet.web.OnlinerTest" name="onlinerTest" time="27.690"/>
</testsuite> <!-- by.stormnet.web.OnlinerTest -->
